<?xml version="1.0" encoding="UTF-8"?>
<!-- Generated by org.testng.reporters.JUnitXMLReporter -->
<testsuite hostname="Shivansh-PC" ignored="0" name="Test" tests="4" failures="1" timestamp="14 Dec 2022 16:25:31 GMT" time="57.303" errors="0">
  <testcase name="launchAmazon" time="8.873" classname="testng.ParellelExecution"/>
  <testcase name="launchGoogle" time="10.116" classname="testng.ParellelExecution"/>
  <testcase name="launchFlipkart" time="44.794" classname="testng.ParellelExecution"/>
  <testcase name="launchGuru99" time="5.489" classname="testng.ParellelExecution">
    <failure type="org.openqa.selenium.WebDriverException" message="disconnected: received Inspector.detached event
  (failed to check if window was closed: disconnected: Unable to receive message from renderer)
  (Session info: chrome=108.0.5359.124)
Build info: version: &amp;apos;4.6.0&amp;apos;, revision: &amp;apos;79f1c02ae20&amp;apos;
System info: os.name: &amp;apos;Windows 7&amp;apos;, os.arch: &amp;apos;amd64&amp;apos;, os.version: &amp;apos;6.1&amp;apos;, java.version: &amp;apos;1.8.0_101&amp;apos;
Driver info: org.openqa.selenium.chrome.ChromeDriver
Command: [1131774767382a76c91b5ece3ce4ff6c, get {url=https://demo.guru99.com/test/newtours/register.php}]
Capabilities {acceptInsecureCerts: false, browserName: chrome, browserVersion: 108.0.5359.124, chrome: {chromedriverVersion: 107.0.5304.62 (1eec40d3a576..., userDataDir: C:\Users\ADMINI~1\AppData\L...}, goog:chromeOptions: {debuggerAddress: localhost:52705}, networkConnectionEnabled: false, pageLoadStrategy: normal, platformName: WINDOWS, proxy: Proxy(), se:cdp: ws://localhost:52705/devtoo..., se:cdpVersion: 108.0.5359.124, setWindowRect: true, strictFileInteractability: false, timeouts: {implicit: 0, pageLoad: 300000, script: 30000}, unhandledPromptBehavior: dismiss and notify, webauthn:extension:credBlob: true, webauthn:extension:largeBlob: true, webauthn:virtualAuthenticators: true}
Session ID: 1131774767382a76c91b5ece3ce4ff6c">
      <![CDATA[org.openqa.selenium.WebDriverException: disconnected: received Inspector.detached event
  (failed to check if window was closed: disconnected: Unable to receive message from renderer)
  (Session info: chrome=108.0.5359.124)
Build info: version: '4.6.0', revision: '79f1c02ae20'
System info: os.name: 'Windows 7', os.arch: 'amd64', os.version: '6.1', java.version: '1.8.0_101'
Driver info: org.openqa.selenium.chrome.ChromeDriver
Command: [1131774767382a76c91b5ece3ce4ff6c, get {url=https://demo.guru99.com/test/newtours/register.php}]
Capabilities {acceptInsecureCerts: false, browserName: chrome, browserVersion: 108.0.5359.124, chrome: {chromedriverVersion: 107.0.5304.62 (1eec40d3a576..., userDataDir: C:\Users\ADMINI~1\AppData\L...}, goog:chromeOptions: {debuggerAddress: localhost:52705}, networkConnectionEnabled: false, pageLoadStrategy: normal, platformName: WINDOWS, proxy: Proxy(), se:cdp: ws://localhost:52705/devtoo..., se:cdpVersion: 108.0.5359.124, setWindowRect: true, strictFileInteractability: false, timeouts: {implicit: 0, pageLoad: 300000, script: 30000}, unhandledPromptBehavior: dismiss and notify, webauthn:extension:credBlob: true, webauthn:extension:largeBlob: true, webauthn:virtualAuthenticators: true}
Session ID: 1131774767382a76c91b5ece3ce4ff6c
at org.openqa.selenium.remote.codec.w3c.W3CHttpResponseCodec.createException(W3CHttpResponseCodec.java:200)
at org.openqa.selenium.remote.codec.w3c.W3CHttpResponseCodec.decode(W3CHttpResponseCodec.java:133)
at org.openqa.selenium.remote.codec.w3c.W3CHttpResponseCodec.decode(W3CHttpResponseCodec.java:53)
at org.openqa.selenium.remote.HttpCommandExecutor.execute(HttpCommandExecutor.java:184)
at org.openqa.selenium.remote.service.DriverCommandExecutor.invokeExecute(DriverCommandExecutor.java:167)
at org.openqa.selenium.remote.service.DriverCommandExecutor.execute(DriverCommandExecutor.java:142)
at org.openqa.selenium.remote.RemoteWebDriver.execute(RemoteWebDriver.java:541)
at org.openqa.selenium.remote.RemoteWebDriver.get(RemoteWebDriver.java:310)
at testng.ParellelExecution.launchGuru99(ParellelExecution.java:40)
at java.util.concurrent.ThreadPoolExecutor.runWorker(ThreadPoolExecutor.java:1142)
at java.util.concurrent.ThreadPoolExecutor$Worker.run(ThreadPoolExecutor.java:617)
at java.lang.Thread.run(Thread.java:745)
... Removed 14 stack frames]]>
    </failure>
  </testcase> <!-- launchGuru99 -->
</testsuite> <!-- Test -->
