<?xml version="1.0" encoding="UTF-8"?>
<testng-results skipped="0" failed="0" ignored="0" total="2" passed="2">
  <reporter-output>
    <line>
      <![CDATA[Before launch application]]>
    </line>
    <line>
      <![CDATA[Application launched successfully]]>
    </line>
  </reporter-output>
  <suite name="Suite" duration-ms="21857" started-at="2022-12-19T15:40:36Z" finished-at="2022-12-19T15:40:58Z">
    <groups>
    </groups>
    <test name="Test" duration-ms="21857" started-at="2022-12-19T15:40:36Z" finished-at="2022-12-19T15:40:58Z">
      <class name="com.prm.testcase.LoginFunctinality">
        <test-method status="PASS" signature="setUp()[pri:0, instance:com.prm.testcase.LoginFunctinality@73846619]" name="setUp" is-config="true" duration-ms="10166" started-at="2022-12-19T15:40:36Z" finished-at="2022-12-19T15:40:46Z">
          <reporter-output>
          </reporter-output>
        </test-method> <!-- setUp -->
        <test-method status="PASS" signature="verifyTest()[pri:0, instance:com.prm.testcase.LoginFunctinality@73846619]" name="verifyTest" duration-ms="36" started-at="2022-12-19T15:40:46Z" finished-at="2022-12-19T15:40:46Z">
          <reporter-output>
          </reporter-output>
        </test-method> <!-- verifyTest -->
        <test-method status="PASS" signature="tearDown(org.testng.ITestResult)[pri:0, instance:com.prm.testcase.LoginFunctinality@73846619]" name="tearDown" is-config="true" duration-ms="910" started-at="2022-12-19T15:40:46Z" finished-at="2022-12-19T15:40:47Z">
          <params>
            <param index="0">
              <value>
                <![CDATA[[TestResult name=verifyTest status=SUCCESS method=LoginFunctinality.verifyTest()[pri:0, instance:com.prm.testcase.LoginFunctinality@73846619] output={null}]]]>
              </value>
            </param>
          </params>
          <reporter-output>
          </reporter-output>
        </test-method> <!-- tearDown -->
        <test-method status="PASS" signature="setUp()[pri:0, instance:com.prm.testcase.LoginFunctinality@73846619]" name="setUp" is-config="true" duration-ms="6367" started-at="2022-12-19T15:40:47Z" finished-at="2022-12-19T15:40:53Z">
          <reporter-output>
          </reporter-output>
        </test-method> <!-- setUp -->
        <test-method status="PASS" signature="verifyValidLogin()[pri:0, instance:com.prm.testcase.LoginFunctinality@73846619]" name="verifyValidLogin" duration-ms="3089" started-at="2022-12-19T15:40:53Z" finished-at="2022-12-19T15:40:56Z">
          <reporter-output>
            <line>
              <![CDATA[Before launch application]]>
            </line>
            <line>
              <![CDATA[Application launched successfully]]>
            </line>
          </reporter-output>
        </test-method> <!-- verifyValidLogin -->
        <test-method status="PASS" signature="tearDown(org.testng.ITestResult)[pri:0, instance:com.prm.testcase.LoginFunctinality@73846619]" name="tearDown" is-config="true" duration-ms="1190" started-at="2022-12-19T15:40:56Z" finished-at="2022-12-19T15:40:58Z">
          <params>
            <param index="0">
              <value>
                <![CDATA[[TestResult name=verifyValidLogin status=SUCCESS method=LoginFunctinality.verifyValidLogin()[pri:0, instance:com.prm.testcase.LoginFunctinality@73846619] output=Before launch application]]]>
              </value>
            </param>
          </params>
          <reporter-output>
          </reporter-output>
        </test-method> <!-- tearDown -->
      </class> <!-- com.prm.testcase.LoginFunctinality -->
    </test> <!-- Test -->
  </suite> <!-- Suite -->
</testng-results>
